{"/home/cas/Projects/Makers/challenge_week/bank_tech_test/balance.js": {"path":"/home/cas/Projects/Makers/challenge_week/bank_tech_test/balance.js","statementMap":{"0":{"start":{"line":1,"column":15},"end":{"line":1,"column":34}},"1":{"start":{"line":2,"column":15},"end":{"line":2,"column":27}},"2":{"start":{"line":6,"column":4},"end":{"line":6,"column":20}},"3":{"start":{"line":7,"column":4},"end":{"line":7,"column":31}},"4":{"start":{"line":11,"column":4},"end":{"line":11,"column":61}},"5":{"start":{"line":15,"column":4},"end":{"line":15,"column":26}},"6":{"start":{"line":19,"column":4},"end":{"line":19,"column":26}},"7":{"start":{"line":23,"column":0},"end":{"line":23,"column":24}}},"fnMap":{"0":{"name":"(anonymous_0)","decl":{"start":{"line":5,"column":2},"end":{"line":5,"column":3}},"loc":{"start":{"line":5,"column":16},"end":{"line":8,"column":3}},"line":5},"1":{"name":"(anonymous_1)","decl":{"start":{"line":10,"column":2},"end":{"line":10,"column":3}},"loc":{"start":{"line":10,"column":15},"end":{"line":12,"column":3}},"line":10},"2":{"name":"(anonymous_2)","decl":{"start":{"line":14,"column":2},"end":{"line":14,"column":3}},"loc":{"start":{"line":14,"column":14},"end":{"line":16,"column":3}},"line":14},"3":{"name":"(anonymous_3)","decl":{"start":{"line":18,"column":2},"end":{"line":18,"column":3}},"loc":{"start":{"line":18,"column":19},"end":{"line":20,"column":3}},"line":18}},"branchMap":{},"s":{"0":3,"1":3,"2":7,"3":7,"4":16,"5":10,"6":5,"7":3},"f":{"0":7,"1":16,"2":10,"3":5},"b":{},"_coverageSchema":"1a1c01bbd47fc00a2c39e90264f33305004495a9","hash":"7b7d8308906b0f60663b349b1fb08662a08693ba"}
,"/home/cas/Projects/Makers/challenge_week/bank_tech_test/bankApp.js": {"path":"/home/cas/Projects/Makers/challenge_week/bank_tech_test/bankApp.js","statementMap":{"0":{"start":{"line":1,"column":16},"end":{"line":1,"column":36}},"1":{"start":{"line":2,"column":18},"end":{"line":2,"column":40}},"2":{"start":{"line":6,"column":4},"end":{"line":6,"column":33}},"3":{"start":{"line":7,"column":4},"end":{"line":7,"column":49}},"4":{"start":{"line":11,"column":4},"end":{"line":11,"column":58}},"5":{"start":{"line":11,"column":51},"end":{"line":11,"column":58}},"6":{"start":{"line":12,"column":20},"end":{"line":12,"column":38}},"7":{"start":{"line":14,"column":24},"end":{"line":17,"column":5}},"8":{"start":{"line":19,"column":4},"end":{"line":19,"column":30}},"9":{"start":{"line":20,"column":4},"end":{"line":20,"column":36}},"10":{"start":{"line":24,"column":4},"end":{"line":24,"column":58}},"11":{"start":{"line":24,"column":51},"end":{"line":24,"column":58}},"12":{"start":{"line":25,"column":23},"end":{"line":25,"column":41}},"13":{"start":{"line":27,"column":22},"end":{"line":30,"column":5}},"14":{"start":{"line":32,"column":4},"end":{"line":32,"column":38}},"15":{"start":{"line":33,"column":4},"end":{"line":33,"column":36}},"16":{"start":{"line":37,"column":4},"end":{"line":40,"column":5}},"17":{"start":{"line":38,"column":6},"end":{"line":38,"column":45}},"18":{"start":{"line":39,"column":6},"end":{"line":39,"column":19}},"19":{"start":{"line":44,"column":4},"end":{"line":44,"column":32}},"20":{"start":{"line":48,"column":4},"end":{"line":48,"column":44}},"21":{"start":{"line":49,"column":4},"end":{"line":51,"column":7}},"22":{"start":{"line":50,"column":6},"end":{"line":50,"column":32}},"23":{"start":{"line":55,"column":0},"end":{"line":55,"column":25}}},"fnMap":{"0":{"name":"(anonymous_0)","decl":{"start":{"line":5,"column":2},"end":{"line":5,"column":3}},"loc":{"start":{"line":5,"column":16},"end":{"line":8,"column":3}},"line":5},"1":{"name":"(anonymous_1)","decl":{"start":{"line":10,"column":2},"end":{"line":10,"column":3}},"loc":{"start":{"line":10,"column":18},"end":{"line":21,"column":3}},"line":10},"2":{"name":"(anonymous_2)","decl":{"start":{"line":23,"column":2},"end":{"line":23,"column":3}},"loc":{"start":{"line":23,"column":19},"end":{"line":34,"column":3}},"line":23},"3":{"name":"(anonymous_3)","decl":{"start":{"line":36,"column":2},"end":{"line":36,"column":3}},"loc":{"start":{"line":36,"column":30},"end":{"line":41,"column":3}},"line":36},"4":{"name":"(anonymous_4)","decl":{"start":{"line":43,"column":2},"end":{"line":43,"column":3}},"loc":{"start":{"line":43,"column":17},"end":{"line":45,"column":3}},"line":43},"5":{"name":"(anonymous_5)","decl":{"start":{"line":47,"column":2},"end":{"line":47,"column":3}},"loc":{"start":{"line":47,"column":19},"end":{"line":52,"column":3}},"line":47},"6":{"name":"(anonymous_6)","decl":{"start":{"line":49,"column":33},"end":{"line":49,"column":34}},"loc":{"start":{"line":49,"column":51},"end":{"line":51,"column":5}},"line":49}},"branchMap":{"0":{"loc":{"start":{"line":11,"column":4},"end":{"line":11,"column":58}},"type":"if","locations":[{"start":{"line":11,"column":4},"end":{"line":11,"column":58}},{"start":{},"end":{}}],"line":11},"1":{"loc":{"start":{"line":24,"column":4},"end":{"line":24,"column":58}},"type":"if","locations":[{"start":{"line":24,"column":4},"end":{"line":24,"column":58}},{"start":{},"end":{}}],"line":24},"2":{"loc":{"start":{"line":37,"column":4},"end":{"line":40,"column":5}},"type":"if","locations":[{"start":{"line":37,"column":4},"end":{"line":40,"column":5}},{"start":{},"end":{}}],"line":37}},"s":{"0":1,"1":1,"2":3,"3":3,"4":8,"5":1,"6":7,"7":7,"8":7,"9":7,"10":3,"11":1,"12":2,"13":2,"14":2,"15":2,"16":11,"17":2,"18":2,"19":10,"20":0,"21":0,"22":0,"23":1},"f":{"0":3,"1":8,"2":3,"3":11,"4":10,"5":0,"6":0},"b":{"0":[1,7],"1":[1,2],"2":[2,9]},"_coverageSchema":"1a1c01bbd47fc00a2c39e90264f33305004495a9","hash":"8c6c342fe22ff6b27d63f4b46896d2d03c9989cb"}
,"/home/cas/Projects/Makers/challenge_week/bank_tech_test/format.js": {"path":"/home/cas/Projects/Makers/challenge_week/bank_tech_test/format.js","statementMap":{"0":{"start":{"line":3,"column":16},"end":{"line":3,"column":26}},"1":{"start":{"line":4,"column":14},"end":{"line":4,"column":29}},"2":{"start":{"line":5,"column":16},"end":{"line":5,"column":36}},"3":{"start":{"line":6,"column":15},"end":{"line":6,"column":34}},"4":{"start":{"line":8,"column":4},"end":{"line":8,"column":37}},"5":{"start":{"line":12,"column":4},"end":{"line":12,"column":28}},"6":{"start":{"line":16,"column":30},"end":{"line":18,"column":5}},"7":{"start":{"line":20,"column":4},"end":{"line":20,"column":74}},"8":{"start":{"line":20,"column":39},"end":{"line":20,"column":74}},"9":{"start":{"line":21,"column":4},"end":{"line":21,"column":39}},"10":{"start":{"line":26,"column":0},"end":{"line":26,"column":24}}},"fnMap":{"0":{"name":"(anonymous_0)","decl":{"start":{"line":2,"column":2},"end":{"line":2,"column":3}},"loc":{"start":{"line":2,"column":18},"end":{"line":9,"column":3}},"line":2},"1":{"name":"(anonymous_1)","decl":{"start":{"line":11,"column":2},"end":{"line":11,"column":3}},"loc":{"start":{"line":11,"column":34},"end":{"line":13,"column":3}},"line":11},"2":{"name":"(anonymous_2)","decl":{"start":{"line":15,"column":2},"end":{"line":15,"column":3}},"loc":{"start":{"line":15,"column":34},"end":{"line":22,"column":3}},"line":15}},"branchMap":{"0":{"loc":{"start":{"line":20,"column":4},"end":{"line":20,"column":74}},"type":"if","locations":[{"start":{"line":20,"column":4},"end":{"line":20,"column":74}},{"start":{},"end":{}}],"line":20}},"s":{"0":13,"1":13,"2":13,"3":13,"4":13,"5":34,"6":16,"7":16,"8":11,"9":5,"10":4},"f":{"0":13,"1":34,"2":16},"b":{"0":[11,5]},"_coverageSchema":"1a1c01bbd47fc00a2c39e90264f33305004495a9","hash":"685b3b642667ffddc8b92033695a1ec1c75220ff"}
,"/home/cas/Projects/Makers/challenge_week/bank_tech_test/statement.js": {"path":"/home/cas/Projects/Makers/challenge_week/bank_tech_test/statement.js","statementMap":{"0":{"start":{"line":1,"column":15},"end":{"line":1,"column":34}},"1":{"start":{"line":5,"column":4},"end":{"line":5,"column":24}},"2":{"start":{"line":6,"column":4},"end":{"line":6,"column":31}},"3":{"start":{"line":7,"column":4},"end":{"line":7,"column":27}},"4":{"start":{"line":11,"column":4},"end":{"line":11,"column":26}},"5":{"start":{"line":15,"column":15},"end":{"line":15,"column":42}},"6":{"start":{"line":16,"column":18},"end":{"line":16,"column":43}},"7":{"start":{"line":17,"column":29},"end":{"line":17,"column":72}},"8":{"start":{"line":19,"column":4},"end":{"line":19,"column":72}},"9":{"start":{"line":23,"column":4},"end":{"line":23,"column":48}},"10":{"start":{"line":27,"column":0},"end":{"line":27,"column":27}}},"fnMap":{"0":{"name":"(anonymous_0)","decl":{"start":{"line":4,"column":2},"end":{"line":4,"column":3}},"loc":{"start":{"line":4,"column":23},"end":{"line":8,"column":3}},"line":4},"1":{"name":"(anonymous_1)","decl":{"start":{"line":10,"column":2},"end":{"line":10,"column":3}},"loc":{"start":{"line":10,"column":8},"end":{"line":12,"column":3}},"line":10},"2":{"name":"(anonymous_2)","decl":{"start":{"line":14,"column":2},"end":{"line":14,"column":3}},"loc":{"start":{"line":14,"column":19},"end":{"line":20,"column":3}},"line":14},"3":{"name":"(anonymous_3)","decl":{"start":{"line":22,"column":2},"end":{"line":22,"column":3}},"loc":{"start":{"line":22,"column":14},"end":{"line":24,"column":3}},"line":22}},"branchMap":{},"s":{"0":2,"1":6,"2":6,"3":6,"4":16,"5":12,"6":12,"7":12,"8":12,"9":1,"10":2},"f":{"0":6,"1":16,"2":12,"3":1},"b":{},"_coverageSchema":"1a1c01bbd47fc00a2c39e90264f33305004495a9","hash":"d0968b7a0c920ad5cf5bced8464064dcfc820f03"}
}
