TN:
SF:account.js
FN:5,(anonymous_0)
FN:10,(anonymous_1)
FN:23,(anonymous_2)
FN:36,(anonymous_3)
FN:43,(anonymous_4)
FN:47,(anonymous_5)
FN:49,(anonymous_6)
FNF:7
FNH:5
FNDA:3,(anonymous_0)
FNDA:8,(anonymous_1)
FNDA:3,(anonymous_2)
FNDA:11,(anonymous_3)
FNDA:10,(anonymous_4)
FNDA:0,(anonymous_5)
FNDA:0,(anonymous_6)
DA:1,1
DA:2,1
DA:6,3
DA:7,3
DA:11,8
DA:12,7
DA:14,7
DA:19,7
DA:20,7
DA:24,3
DA:25,2
DA:27,2
DA:32,2
DA:33,2
DA:37,11
DA:38,2
DA:39,2
DA:44,10
DA:48,0
DA:49,0
DA:50,0
DA:55,1
LF:22
LH:19
BRDA:11,0,0,1
BRDA:11,0,1,7
BRDA:24,1,0,1
BRDA:24,1,1,2
BRDA:37,2,0,2
BRDA:37,2,1,9
BRF:6
BRH:6
end_of_record
TN:
SF:balance.js
FN:5,(anonymous_0)
FN:9,(anonymous_1)
FN:13,(anonymous_2)
FN:17,(anonymous_3)
FNF:4
FNH:4
FNDA:7,(anonymous_0)
FNDA:16,(anonymous_1)
FNDA:10,(anonymous_2)
FNDA:5,(anonymous_3)
DA:1,3
DA:2,3
DA:6,7
DA:10,16
DA:14,10
DA:18,5
DA:22,3
LF:7
LH:7
BRF:0
BRH:0
end_of_record
TN:
SF:formatter.js
FN:2,(anonymous_0)
FN:11,(anonymous_1)
FN:15,(anonymous_2)
FNF:3
FNH:3
FNDA:13,(anonymous_0)
FNDA:34,(anonymous_1)
FNDA:16,(anonymous_2)
DA:3,13
DA:4,13
DA:5,13
DA:6,13
DA:8,13
DA:12,34
DA:16,16
DA:20,16
DA:21,5
DA:26,4
LF:10
LH:10
BRDA:20,0,0,11
BRDA:20,0,1,5
BRF:2
BRH:2
end_of_record
TN:
SF:statement.js
FN:4,(anonymous_0)
FN:10,(anonymous_1)
FN:14,(anonymous_2)
FN:22,(anonymous_3)
FNF:4
FNH:4
FNDA:6,(anonymous_0)
FNDA:16,(anonymous_1)
FNDA:12,(anonymous_2)
FNDA:1,(anonymous_3)
DA:1,2
DA:5,6
DA:6,6
DA:7,6
DA:11,16
DA:15,12
DA:16,12
DA:17,12
DA:19,12
DA:23,1
DA:27,2
LF:11
LH:11
BRF:0
BRH:0
end_of_record
