TN:
SF:balance.js
FN:5,(anonymous_0)
FN:9,(anonymous_1)
FN:13,(anonymous_2)
FN:17,(anonymous_3)
FNF:4
FNH:4
FNDA:7,(anonymous_0)
FNDA:14,(anonymous_1)
FNDA:8,(anonymous_2)
FNDA:5,(anonymous_3)
DA:1,3
DA:2,3
DA:6,7
DA:10,14
DA:14,8
DA:18,5
DA:22,3
LF:7
LH:7
BRF:0
BRH:0
end_of_record
TN:
SF:bankApp.js
FN:6,(anonymous_0)
FN:12,(anonymous_1)
FN:23,(anonymous_2)
FN:33,(anonymous_3)
FN:37,(anonymous_4)
FN:39,(anonymous_5)
FNF:6
FNH:4
FNDA:3,(anonymous_0)
FNDA:5,(anonymous_1)
FNDA:2,(anonymous_2)
FNDA:6,(anonymous_3)
FNDA:0,(anonymous_4)
FNDA:0,(anonymous_5)
DA:1,1
DA:2,1
DA:3,1
DA:7,3
DA:8,3
DA:9,3
DA:13,5
DA:14,5
DA:16,5
DA:20,5
DA:24,2
DA:25,2
DA:26,2
DA:30,2
DA:34,6
DA:38,0
DA:39,0
DA:40,0
DA:45,1
LF:19
LH:16
BRF:0
BRH:0
end_of_record
TN:
SF:Format.js
FN:2,(anonymous_0)
FN:11,(anonymous_1)
FNF:2
FNH:2
FNDA:11,(anonymous_0)
FNDA:23,(anonymous_1)
DA:3,11
DA:4,11
DA:5,11
DA:6,11
DA:8,11
DA:12,23
DA:16,4
LF:7
LH:7
BRF:0
BRH:0
end_of_record
TN:
SF:statement.js
FN:4,(anonymous_0)
FN:10,(anonymous_1)
FN:14,(anonymous_2)
FN:21,(anonymous_3)
FN:26,(anonymous_4)
FNF:5
FNH:5
FNDA:6,(anonymous_0)
FNDA:12,(anonymous_1)
FNDA:10,(anonymous_2)
FNDA:14,(anonymous_3)
FNDA:1,(anonymous_4)
DA:1,2
DA:5,6
DA:6,6
DA:7,6
DA:11,12
DA:15,10
DA:16,10
DA:18,10
DA:22,14
DA:23,5
DA:27,1
DA:31,2
LF:12
LH:12
BRDA:22,0,0,9
BRDA:22,0,1,5
BRF:2
BRH:2
end_of_record
